Using pre-set license
Built from '2020.3/staging' branch; Version is '2020.3.18f1 (a7d1c678663c) revision 10998214'; Using compiler version '192528614'; Build Type 'Release'
OS: 'Windows 10 Home; OS build 19043.1348; Version 2009; 64bit' Language: 'zh' Physical Memory: 8090 MB
BatchMode: 1, IsHumanControllingUs: 0, StartBugReporterOnCrash: 0, Is64bit: 1, IsPro: 0

COMMAND LINE ARGUMENTS:
D:\Unity\2020.3.18f1\Editor\Unity.exe
-adb2
-batchMode
-noUpm
-name
AssetImportWorker7
-projectPath
D:/Desktop/課程/unity素材/Kid_midterm
-logFile
Logs/AssetImportWorker7.log
-srvPort
12751
Successfully changed project path to: D:/Desktop/課程/unity素材/Kid_midterm
D:/Desktop/課程/unity素材/Kid_midterm
Using Asset Import Pipeline V2.
Refreshing native plugins compatible for Editor in 73.73 ms, found 3 plugins.
Preloading 0 native plugins for Editor in 0.00 ms.
Initialize engine version: 2020.3.18f1 (a7d1c678663c)
[Subsystems] Discovering subsystems at path D:/Unity/2020.3.18f1/Editor/Data/Resources/UnitySubsystems
[Subsystems] Discovering subsystems at path D:/Desktop/課程/unity素材/Kid_midterm/Assets
GfxDevice: creating device client; threaded=0
Direct3D:
    Version:  Direct3D 11.0 [level 11.0]
    Renderer: NVIDIA GeForce GTX 960M (ID=0x139b)
    Vendor:   
    VRAM:     2010 MB
    Driver:   30.0.14.7111
Initialize mono
Mono path[0] = 'D:/Unity/2020.3.18f1/Editor/Data/Managed'
Mono path[1] = 'D:/Unity/2020.3.18f1/Editor/Data/MonoBleedingEdge/lib/mono/unityjit'
Mono config path = 'D:/Unity/2020.3.18f1/Editor/Data/MonoBleedingEdge/etc'
Using monoOptions --debugger-agent=transport=dt_socket,embedding=1,server=y,suspend=n,address=127.0.0.1:56240
Begin MonoManager ReloadAssembly
Registering precompiled unity dll's ...
Register platform support module: D:/Unity/2020.3.18f1/Editor/Data/PlaybackEngines/WebGLSupport/UnityEditor.WebGL.Extensions.dll
Register platform support module: D:/Unity/2020.3.18f1/Editor/Data/PlaybackEngines/WindowsStandaloneSupport/UnityEditor.WindowsStandalone.Extensions.dll
Registered in 0.003214 seconds.
Native extension for WindowsStandalone target not found
Native extension for WebGL target not found
Refreshing native plugins compatible for Editor in 71.19 ms, found 3 plugins.
Preloading 0 native plugins for Editor in 0.00 ms.
Mono: successfully reloaded assembly
- Completed reload, in  2.384 seconds
Domain Reload Profiling:
	ReloadAssembly (2385ms)
		BeginReloadAssembly (135ms)
			ExecutionOrderSort (0ms)
			DisableScriptedObjects (0ms)
			BackupInstance (0ms)
			ReleaseScriptingObjects (0ms)
			CreateAndSetChildDomain (1ms)
		EndReloadAssembly (645ms)
			LoadAssemblies (135ms)
			RebuildTransferFunctionScriptingTraits (0ms)
			SetupTypeCache (225ms)
			ReleaseScriptCaches (0ms)
			RebuildScriptCaches (44ms)
			SetupLoadedEditorAssemblies (274ms)
				LogAssemblyErrors (0ms)
				InitializePlatformSupportModulesInManaged (7ms)
				SetLoadedEditorAssemblies (0ms)
				RefreshPlugins (72ms)
				BeforeProcessingInitializeOnLoad (23ms)
				ProcessInitializeOnLoadAttributes (124ms)
				ProcessInitializeOnLoadMethodAttributes (47ms)
				AfterProcessingInitializeOnLoad (0ms)
				EditorAssembliesLoaded (0ms)
			ExecutionOrderSort2 (0ms)
			AwakeInstancesAfterBackupRestoration (0ms)
Platform modules already initialized, skipping
Registering precompiled user dll's ...
Registered in 0.012267 seconds.
Begin MonoManager ReloadAssembly
Native extension for WindowsStandalone target not found
Native extension for WebGL target not found
Refreshing native plugins compatible for Editor in 62.97 ms, found 3 plugins.
Preloading 0 native plugins for Editor in 0.00 ms.
Mono: successfully reloaded assembly
- Completed reload, in  4.368 seconds
Domain Reload Profiling:
	ReloadAssembly (4370ms)
		BeginReloadAssembly (249ms)
			ExecutionOrderSort (0ms)
			DisableScriptedObjects (5ms)
			BackupInstance (0ms)
			ReleaseScriptingObjects (0ms)
			CreateAndSetChildDomain (27ms)
		EndReloadAssembly (4038ms)
			LoadAssemblies (193ms)
			RebuildTransferFunctionScriptingTraits (0ms)
			SetupTypeCache (422ms)
			ReleaseScriptCaches (1ms)
			RebuildScriptCaches (83ms)
			SetupLoadedEditorAssemblies (3195ms)
				LogAssemblyErrors (0ms)
				InitializePlatformSupportModulesInManaged (1555ms)
				SetLoadedEditorAssemblies (0ms)
				RefreshPlugins (541ms)
				BeforeProcessingInitializeOnLoad (150ms)
				ProcessInitializeOnLoadAttributes (828ms)
				ProcessInitializeOnLoadMethodAttributes (117ms)
				AfterProcessingInitializeOnLoad (4ms)
				EditorAssembliesLoaded (0ms)
			ExecutionOrderSort2 (0ms)
			AwakeInstancesAfterBackupRestoration (9ms)
Platform modules already initialized, skipping
========================================================================
Worker process is ready to serve import requests
Launched and connected shader compiler UnityShaderCompiler.exe after 0.21 seconds
Refreshing native plugins compatible for Editor in 1.44 ms, found 3 plugins.
Preloading 0 native plugins for Editor in 0.00 ms.
Unloading 2244 Unused Serialized files (Serialized files now loaded: 0)
System memory in use before: 98.3 MB.
System memory in use after: 98.4 MB.

Unloading 27 unused Assets to reduce memory usage. Loaded Objects now: 2685.
Total: 4.757900 ms (FindLiveObjects: 0.439300 ms CreateObjectMapping: 0.186200 ms MarkObjects: 4.017200 ms  DeleteObjects: 0.112800 ms)

AssetImportParameters requested are different than current active one (requested -> active):
  custom:framework-win-MediaFoundation: 216162199b28c13a410421893ffa2e32 -> 
  custom:video-decoder-ogg-theora: a1e56fd34408186e4bbccfd4996cb3dc -> 
  custom:container-muxer-webm: aa71ff27fc2769a1b78a27578f13a17b -> 
  custom:container-demuxer-webm: 4f35f7cbe854078d1ac9338744f61a02 -> 
  custom:container-demuxer-ogg: 62fdf1f143b41e24485cea50d1cbac27 -> 
  custom:video-encoder-webm-vp8: eb34c28f22e8b96e1ab97ce403110664 -> 
  custom:video-codec-MediaFoundation-h265: 746d11721c4dcdbdad8f713fa42b33f4 -> 
  custom:video-decoder-webm-vp8: 9c59270c3fd7afecdb556c50c9e8de78 -> 
  custom:audio-decoder-ogg-vorbis: bf7c407c2cedff20999df2af8eb42d56 -> 
  custom:audio-encoder-webm-vorbis: bf7c407c2cedff20999df2af8eb42d56 -> 
========================================================================
Received Import Request.
  path: Assets/程式/EnemyBehaviour.cs
  artifactKey: Guid(3358a1ff000c49f42b94720054ba5950) Importer(815301076,1909f56bfc062723c751e8b465ee728b)
Start importing Assets/程式/EnemyBehaviour.cs using Guid(3358a1ff000c49f42b94720054ba5950) Importer(815301076,1909f56bfc062723c751e8b465ee728b)  -> (artifact id: '9d6e98c0b27a53c7effb09dda8184f44') in 0.281280 seconds 
  Import took 1.329287 seconds .

========================================================================
Received Import Request.
  Time since last request: 670.758175 seconds.
  path: Assets/程式/敵人.cs
  artifactKey: Guid(734c70b61bdff0342bae2a6a59bf5b2b) Importer(815301076,1909f56bfc062723c751e8b465ee728b)
Start importing Assets/程式/敵人.cs using Guid(734c70b61bdff0342bae2a6a59bf5b2b) Importer(815301076,1909f56bfc062723c751e8b465ee728b)  -> (artifact id: 'e0f86a4e1c0d05430d95069cb668ded1') in 0.046746 seconds 
  Import took 0.206816 seconds .

========================================================================
Received Import Request.
  Time since last request: 1993.830782 seconds.
  path: Assets/程式/角色.cs
  artifactKey: Guid(260d3c0deef40c4409bb5afe3e0154a7) Importer(815301076,1909f56bfc062723c751e8b465ee728b)
Start importing Assets/程式/角色.cs using Guid(260d3c0deef40c4409bb5afe3e0154a7) Importer(815301076,1909f56bfc062723c751e8b465ee728b)  -> (artifact id: '05c466fc4dd14b2b844cb0942294da4f') in 0.016335 seconds 
  Import took 0.051686 seconds .

========================================================================
Received Import Request.
  Time since last request: 0.129456 seconds.
  path: Assets/程式/敵人.cs
  artifactKey: Guid(734c70b61bdff0342bae2a6a59bf5b2b) Importer(815301076,1909f56bfc062723c751e8b465ee728b)
Start importing Assets/程式/敵人.cs using Guid(734c70b61bdff0342bae2a6a59bf5b2b) Importer(815301076,1909f56bfc062723c751e8b465ee728b)  -> (artifact id: 'e2d6544a8085584f718da23021be65b3') in 0.004762 seconds 
  Import took 0.022651 seconds .

========================================================================
Received Import Request.
  Time since last request: 62.376701 seconds.
  path: Assets/程式/敵人1.cs
  artifactKey: Guid(6ff00fa108576084b8c29c5e8203ea77) Importer(815301076,1909f56bfc062723c751e8b465ee728b)
Start importing Assets/程式/敵人1.cs using Guid(6ff00fa108576084b8c29c5e8203ea77) Importer(815301076,1909f56bfc062723c751e8b465ee728b)  -> (artifact id: '0434919d052e9fc905caef178ef43b5d') in 0.074998 seconds 
  Import took 0.131365 seconds .

========================================================================
Received Import Request.
  Time since last request: 97.670402 seconds.
  path: Assets/程式/敵人1.cs
  artifactKey: Guid(6ff00fa108576084b8c29c5e8203ea77) Importer(815301076,1909f56bfc062723c751e8b465ee728b)
Start importing Assets/程式/敵人1.cs using Guid(6ff00fa108576084b8c29c5e8203ea77) Importer(815301076,1909f56bfc062723c751e8b465ee728b)  -> (artifact id: '5df92309762f8b2930fa51efb9808d89') in 0.006135 seconds 
  Import took 0.128737 seconds .

